{
  "stats": {
    "suites": 1,
    "tests": 2,
    "passes": 2,
    "pending": 0,
    "failures": 0,
    "start": "2023-08-26T05:46:18.847Z",
    "end": "2023-08-26T05:46:26.132Z",
    "duration": 7285,
    "testsRegistered": 2,
    "passPercent": 100,
    "pendingPercent": 0,
    "other": 0,
    "hasOther": false,
    "skipped": 0,
    "hasSkipped": false
  },
  "results": [
    {
      "uuid": "7685676b-42b6-489f-af0c-90dd8533c4f5",
      "title": "",
      "fullFile": "cypress\\e2e\\login_test.cy.js",
      "file": "cypress\\e2e\\login_test.cy.js",
      "beforeHooks": [],
      "afterHooks": [],
      "tests": [],
      "suites": [
        {
          "uuid": "82449d63-22af-4ece-aa6a-0f339042b3ef",
          "title": "Automation test with demo e-commerce web",
          "fullFile": "",
          "file": "",
          "beforeHooks": [],
          "afterHooks": [],
          "tests": [
            {
              "title": "Passed login",
              "fullTitle": "Automation test with demo e-commerce web Passed login",
              "timedOut": null,
              "duration": 2119,
              "state": "passed",
              "speed": "fast",
              "pass": true,
              "fail": false,
              "pending": false,
              "context": null,
              "code": "loginPage.navigate(\"https://www.saucedemo.com/v1/\");\nloginPage.enterUsername(\"standard_user\");\nloginPage.enterPassword(\"secret_sauce\");\nloginPage.clickLogin();",
              "err": {},
              "uuid": "bde2d332-f782-44c0-8bfa-f0e8feb0ba12",
              "parentUUID": "82449d63-22af-4ece-aa6a-0f339042b3ef",
              "isHook": false,
              "skipped": false
            },
            {
              "title": "Failed login",
              "fullTitle": "Automation test with demo e-commerce web Failed login",
              "timedOut": null,
              "duration": 956,
              "state": "passed",
              "speed": "fast",
              "pass": true,
              "fail": false,
              "pending": false,
              "context": null,
              "code": "loginPage.navigate(\"https://www.saucedemo.com/v1/\");\nloginPage.enterUsername(\"secret_recipe\");\nloginPage.enterPassword(\"secret_ketchup\");\nloginPage.clickLogin();",
              "err": {},
              "uuid": "54e09239-0a1c-450e-9276-392e81503ba5",
              "parentUUID": "82449d63-22af-4ece-aa6a-0f339042b3ef",
              "isHook": false,
              "skipped": false
            }
          ],
          "suites": [],
          "passes": [
            "bde2d332-f782-44c0-8bfa-f0e8feb0ba12",
            "54e09239-0a1c-450e-9276-392e81503ba5"
          ],
          "failures": [],
          "pending": [],
          "skipped": [],
          "duration": 3075,
          "root": false,
          "rootEmpty": false,
          "_timeout": 2000
        }
      ],
      "passes": [],
      "failures": [],
      "pending": [],
      "skipped": [],
      "duration": 0,
      "root": true,
      "rootEmpty": true,
      "_timeout": 2000
    }
  ],
  "meta": {
    "mocha": {
      "version": "7.0.1"
    },
    "mochawesome": {
      "options": {
        "quiet": false,
        "reportFilename": "mochawesome",
        "saveHtml": false,
        "saveJson": true,
        "consoleReporter": "spec",
        "useInlineDiffs": false,
        "code": true
      },
      "version": "7.1.3"
    },
    "marge": {
      "options": {
        "charts": true,
        "overwrite": false,
        "html": false,
        "json": true,
        "reportDir": "cypress/reports"
      },
      "version": "6.2.0"
    }
  }
}